<?xml version="1.0" encoding="UTF-8"?>
<testng-results skipped="0" failed="0" ignored="0" total="1" passed="1">
  <reporter-output>
  </reporter-output>
  <suite name="Suite" duration-ms="55423" started-at="2022-01-26T14:13:09 IST" finished-at="2022-01-26T14:14:05 IST">
    <groups>
    </groups>
    <test name="Test" duration-ms="55423" started-at="2022-01-26T14:13:09 IST" finished-at="2022-01-26T14:14:05 IST">
      <class name="jenkins.OpenBrowser">
        <test-method status="PASS" signature="openBrowser()[pri:0, instance:jenkins.OpenBrowser@77ec78b9]" name="openBrowser" duration-ms="55031" started-at="2022-01-26T14:13:09 IST" finished-at="2022-01-26T14:14:05 IST">
          <reporter-output>
          </reporter-output>
        </test-method> <!-- openBrowser -->
      </class> <!-- jenkins.OpenBrowser -->
    </test> <!-- Test -->
  </suite> <!-- Suite -->
</testng-results>
